# JRE version: OpenJDK Runtime Environment (17.0.10) (build 17.0.10+0--11572160)
# Java VM: OpenJDK 64-Bit Server VM (17.0.10+0--11572160, mixed mode, tiered, compressed oops, compressed class ptrs, g1 gc, windows-amd64)
GC Precious Log:
 CPUs: 16 total, 16 available
 Memory: 16088M
 Large Page Support: Disabled
 NUMA Support: Disabled
 Compressed Oops: Enabled (32-bit)
 Heap Region Size: 1M
 Heap Min Capacity: 8M
 Heap Initial Capacity: 252M
 Heap Max Capacity: 2G
 Pre-touch: Disabled
 Parallel Workers: 13
 Concurrent Workers: 3
 Concurrent Refinement Workers: 13
 Periodic GC: Disabled
Heap:
 garbage-first heap   total 226304K, used 163739K [0x0000000080000000, 0x0000000100000000)
  region size 1024K, 24 young (24576K), 5 survivors (5120K)
 Metaspace       used 124366K, committed 125184K, reserved 1179648K
  class space    used 16960K, committed 17344K, reserved 1048576K
GC Heap History (20 events):
Event: 51.384 GC heap before
{Heap before GC invocations=40 (full 0):
 garbage-first heap   total 226304K, used 117977K [0x0000000080000000, 0x0000000100000000)
  region size 1024K, 11 young (11264K), 6 survivors (6144K)
 Metaspace       used 106591K, committed 107392K, reserved 1179648K
  class space    used 14662K, committed 15040K, reserved 1048576K
}
Event: 51.391 GC heap after
{Heap after GC invocations=41 (full 0):
 garbage-first heap   total 226304K, used 112878K [0x0000000080000000, 0x0000000100000000)
  region size 1024K, 2 young (2048K), 2 survivors (2048K)
 Metaspace       used 106591K, committed 107392K, reserved 1179648K
  class space    used 14662K, committed 15040K, reserved 1048576K
}
Event: 52.738 GC heap before
{Heap before GC invocations=41 (full 0):
 garbage-first heap   total 226304K, used 183534K [0x0000000080000000, 0x0000000100000000)
  region size 1024K, 72 young (73728K), 2 survivors (2048K)
 Metaspace       used 106877K, committed 107584K, reserved 1179648K
  class space    used 14704K, committed 15040K, reserved 1048576K
}
Event: 52.746 GC heap after
{Heap after GC invocations=42 (full 0):
 garbage-first heap   total 226304K, used 115985K [0x0000000080000000, 0x0000000100000000)
  region size 1024K, 5 young (5120K), 5 survivors (5120K)
 Metaspace       used 106877K, committed 107584K, reserved 1179648K
  class space    used 14704K, committed 15040K, reserved 1048576K
}
Event: 55.105 GC heap before
{Heap before GC invocations=42 (full 0):
 garbage-first heap   total 226304K, used 184593K [0x0000000080000000, 0x0000000100000000)
  region size 1024K, 73 young (74752K), 5 survivors (5120K)
 Metaspace       used 108576K, committed 109312K, reserved 1179648K
  class space    used 14904K, committed 15232K, reserved 1048576K
}
Event: 55.119 GC heap after
{Heap after GC invocations=43 (full 0):
 garbage-first heap   total 226304K, used 120250K [0x0000000080000000, 0x0000000100000000)
  region size 1024K, 9 young (9216K), 9 survivors (9216K)
 Metaspace       used 108576K, committed 109312K, reserved 1179648K
  class space    used 14904K, committed 15232K, reserved 1048576K
}
Event: 58.715 GC heap before
{Heap before GC invocations=43 (full 0):
 garbage-first heap   total 226304K, used 185786K [0x0000000080000000, 0x0000000100000000)
  region size 1024K, 74 young (75776K), 9 survivors (9216K)
 Metaspace       used 113320K, committed 114112K, reserved 1179648K
  class space    used 15544K, committed 15936K, reserved 1048576K
}
Event: 58.727 GC heap after
{Heap after GC invocations=44 (full 0):
 garbage-first heap   total 226304K, used 122955K [0x0000000080000000, 0x0000000100000000)
  region size 1024K, 7 young (7168K), 7 survivors (7168K)
 Metaspace       used 113320K, committed 114112K, reserved 1179648K
  class space    used 15544K, committed 15936K, reserved 1048576K
}
Event: 62.704 GC heap before
{Heap before GC invocations=44 (full 0):
 garbage-first heap   total 226304K, used 189515K [0x0000000080000000, 0x0000000100000000)
  region size 1024K, 71 young (72704K), 7 survivors (7168K)
 Metaspace       used 117527K, committed 118400K, reserved 1179648K
  class space    used 16031K, committed 16448K, reserved 1048576K
}
Event: 62.720 GC heap after
{Heap after GC invocations=45 (full 0):
 garbage-first heap   total 226304K, used 127401K [0x0000000080000000, 0x0000000100000000)
  region size 1024K, 6 young (6144K), 6 survivors (6144K)
 Metaspace       used 117527K, committed 118400K, reserved 1179648K
  class space    used 16031K, committed 16448K, reserved 1048576K
}
Event: 64.051 GC heap before
{Heap before GC invocations=45 (full 0):
 garbage-first heap   total 226304K, used 187817K [0x0000000080000000, 0x0000000100000000)
  region size 1024K, 66 young (67584K), 6 survivors (6144K)
 Metaspace       used 118182K, committed 119040K, reserved 1179648K
  class space    used 16145K, committed 16576K, reserved 1048576K
}
Event: 64.067 GC heap after
{Heap after GC invocations=46 (full 0):
 garbage-first heap   total 226304K, used 126530K [0x0000000080000000, 0x0000000100000000)
  region size 1024K, 6 young (6144K), 6 survivors (6144K)
 Metaspace       used 118182K, committed 119040K, reserved 1179648K
  class space    used 16145K, committed 16576K, reserved 1048576K
}
Event: 65.295 GC heap before
{Heap before GC invocations=46 (full 0):
 garbage-first heap   total 226304K, used 187970K [0x0000000080000000, 0x0000000100000000)
  region size 1024K, 67 young (68608K), 6 survivors (6144K)
 Metaspace       used 119419K, committed 120256K, reserved 1179648K
  class space    used 16309K, committed 16704K, reserved 1048576K
}
Event: 65.308 GC heap after
{Heap after GC invocations=47 (full 0):
 garbage-first heap   total 226304K, used 134697K [0x0000000080000000, 0x0000000100000000)
  region size 1024K, 9 young (9216K), 9 survivors (9216K)
 Metaspace       used 119419K, committed 120256K, reserved 1179648K
  class space    used 16309K, committed 16704K, reserved 1048576K
}
Event: 66.510 GC heap before
{Heap before GC invocations=47 (full 0):
 garbage-first heap   total 226304K, used 183849K [0x0000000080000000, 0x0000000100000000)
  region size 1024K, 58 young (59392K), 9 survivors (9216K)
 Metaspace       used 120841K, committed 121664K, reserved 1179648K
  class space    used 16507K, committed 16896K, reserved 1048576K
}
Event: 66.526 GC heap after
{Heap after GC invocations=48 (full 0):
 garbage-first heap   total 226304K, used 142197K [0x0000000080000000, 0x0000000100000000)
  region size 1024K, 8 young (8192K), 8 survivors (8192K)
 Metaspace       used 120841K, committed 121664K, reserved 1179648K
  class space    used 16507K, committed 16896K, reserved 1048576K
}
Event: 67.027 GC heap before
{Heap before GC invocations=48 (full 0):
 garbage-first heap   total 226304K, used 183157K [0x0000000080000000, 0x0000000100000000)
  region size 1024K, 49 young (50176K), 8 survivors (8192K)
 Metaspace       used 121696K, committed 122496K, reserved 1179648K
  class space    used 16624K, committed 17024K, reserved 1048576K
}
Event: 67.036 GC heap after
{Heap after GC invocations=49 (full 0):
 garbage-first heap   total 226304K, used 142554K [0x0000000080000000, 0x0000000100000000)
  region size 1024K, 2 young (2048K), 2 survivors (2048K)
 Metaspace       used 121696K, committed 122496K, reserved 1179648K
  class space    used 16624K, committed 17024K, reserved 1048576K
}
Event: 68.885 GC heap before
{Heap before GC invocations=49 (full 0):
 garbage-first heap   total 226304K, used 188634K [0x0000000080000000, 0x0000000100000000)
  region size 1024K, 45 young (46080K), 2 survivors (2048K)
 Metaspace       used 124009K, committed 124864K, reserved 1179648K
  class space    used 16920K, committed 17344K, reserved 1048576K
}
Event: 68.895 GC heap after
{Heap after GC invocations=50 (full 0):
 garbage-first heap   total 226304K, used 145307K [0x0000000080000000, 0x0000000100000000)
  region size 1024K, 5 young (5120K), 5 survivors (5120K)
 Metaspace       used 124009K, committed 124864K, reserved 1179648K
  class space    used 16920K, committed 17344K, reserved 1048576K
}

